<?xml version="1.0" encoding="UTF-8"?>
<!-- Generated by org.testng.reporters.JUnitReportReporter -->
<testsuite hostname="DESKTOP-E3E6SI5" failures="0" tests="6" name="api.test.DDTests" time="9.999" errors="0" timestamp="2025-08-02T16:28:47 IST" skipped="0">
  <testcase classname="api.test.DDTests" name="testPostuser" time="1.469"/>
  <testcase classname="api.test.DDTests" name="testPostuser" time="1.422"/>
  <testcase classname="api.test.DDTests" name="testPostuser" time="2.790"/>
  <testcase classname="api.test.DDTests" name="testDeleteUserByName" time="1.439"/>
  <testcase classname="api.test.DDTests" name="testDeleteUserByName" time="1.406"/>
  <testcase classname="api.test.DDTests" name="testDeleteUserByName" time="1.473"/>
</testsuite> <!-- api.test.DDTests -->
